2020-11-26T22:25:25.040+0900 [DEBUG] [org.gradle.launcher.daemon.bootstrap.DaemonMain] Assuming the daemon was started with following jvm opts: [-Xmx1536m, -Dfile.encoding=UTF-8, -Duser.country=KR, -Duser.language=ko, -Duser.variant]
2020-11-26T22:25:25.159+0900 [INFO] [org.gradle.launcher.daemon.server.Daemon] start() called on daemon - DefaultDaemonContext[uid=4963fb19-fe79-4c71-b48d-cfc5061a659a,javaHome=/private/var/folders/1y/9nn71vc11g3849dvm2dmfd680000gn/T/AppTranslocation/0222B1A1-CBDD-4A56-A78B-0D148A4173C7/d/Android Studio.app/Contents/jre/jdk/Contents/Home,daemonRegistryDir=/Users/callor/Documents/workspace/Android_2020/샘플프로젝트/MyMemory-main/daemon,pid=10652,idleTimeout=10800000,priority=NORMAL,daemonOpts=-Xmx1536m,-Dfile.encoding=UTF-8,-Duser.country=KR,-Duser.language=ko,-Duser.variant]
2020-11-26T22:25:25.193+0900 [DEBUG] [org.gradle.internal.remote.internal.inet.InetAddresses] Adding IP addresses for network interface utun6
2020-11-26T22:25:25.194+0900 [DEBUG] [org.gradle.internal.remote.internal.inet.InetAddresses] Is this a loopback interface? false
2020-11-26T22:25:25.194+0900 [DEBUG] [org.gradle.internal.remote.internal.inet.InetAddresses] Adding remote address /fe80:0:0:0:f55c:a473:c2aa:4f04%utun6
2020-11-26T22:25:25.195+0900 [DEBUG] [org.gradle.internal.remote.internal.inet.InetAddresses] Adding IP addresses for network interface utun5
2020-11-26T22:25:25.195+0900 [DEBUG] [org.gradle.internal.remote.internal.inet.InetAddresses] Is this a loopback interface? false
2020-11-26T22:25:25.198+0900 [DEBUG] [org.gradle.internal.remote.internal.inet.InetAddresses] Adding remote address /fe80:0:0:0:b8a1:2417:7b80:789a%utun5
2020-11-26T22:25:25.198+0900 [DEBUG] [org.gradle.internal.remote.internal.inet.InetAddresses] Adding IP addresses for network interface utun4
2020-11-26T22:25:25.198+0900 [DEBUG] [org.gradle.internal.remote.internal.inet.InetAddresses] Is this a loopback interface? false
2020-11-26T22:25:25.199+0900 [DEBUG] [org.gradle.internal.remote.internal.inet.InetAddresses] Adding remote address /fe80:0:0:0:bced:4368:be7b:2b1b%utun4
2020-11-26T22:25:25.199+0900 [DEBUG] [org.gradle.internal.remote.internal.inet.InetAddresses] Adding IP addresses for network interface utun3
2020-11-26T22:25:25.199+0900 [DEBUG] [org.gradle.internal.remote.internal.inet.InetAddresses] Is this a loopback interface? false
2020-11-26T22:25:25.199+0900 [DEBUG] [org.gradle.internal.remote.internal.inet.InetAddresses] Adding remote address /fe80:0:0:0:5da4:a5e0:99e5:27%utun3
2020-11-26T22:25:25.200+0900 [DEBUG] [org.gradle.internal.remote.internal.inet.InetAddresses] Adding IP addresses for network interface utun2
2020-11-26T22:25:25.200+0900 [DEBUG] [org.gradle.internal.remote.internal.inet.InetAddresses] Is this a loopback interface? false
2020-11-26T22:25:25.200+0900 [DEBUG] [org.gradle.internal.remote.internal.inet.InetAddresses] Adding remote address /fe80:0:0:0:246:e266:3223:f6f9%utun2
2020-11-26T22:25:25.201+0900 [DEBUG] [org.gradle.internal.remote.internal.inet.InetAddresses] Adding IP addresses for network interface utun1
2020-11-26T22:25:25.201+0900 [DEBUG] [org.gradle.internal.remote.internal.inet.InetAddresses] Is this a loopback interface? false
2020-11-26T22:25:25.201+0900 [DEBUG] [org.gradle.internal.remote.internal.inet.InetAddresses] Adding remote address /fe80:0:0:0:756c:95d4:56a:e823%utun1
2020-11-26T22:25:25.202+0900 [DEBUG] [org.gradle.internal.remote.internal.inet.InetAddresses] Adding IP addresses for network interface utun0
2020-11-26T22:25:25.202+0900 [DEBUG] [org.gradle.internal.remote.internal.inet.InetAddresses] Is this a loopback interface? false
2020-11-26T22:25:25.202+0900 [DEBUG] [org.gradle.internal.remote.internal.inet.InetAddresses] Adding remote address /fe80:0:0:0:c004:fee5:8789:ac73%utun0
2020-11-26T22:25:25.203+0900 [DEBUG] [org.gradle.internal.remote.internal.inet.InetAddresses] Adding IP addresses for network interface llw0
2020-11-26T22:25:25.203+0900 [DEBUG] [org.gradle.internal.remote.internal.inet.InetAddresses] Is this a loopback interface? false
2020-11-26T22:25:25.203+0900 [DEBUG] [org.gradle.internal.remote.internal.inet.InetAddresses] Adding remote address /fe80:0:0:0:2423:ddff:fe76:7248%llw0
2020-11-26T22:25:25.203+0900 [DEBUG] [org.gradle.internal.remote.internal.inet.InetAddresses] Adding IP addresses for network interface awdl0
2020-11-26T22:25:25.204+0900 [DEBUG] [org.gradle.internal.remote.internal.inet.InetAddresses] Is this a loopback interface? false
2020-11-26T22:25:25.204+0900 [DEBUG] [org.gradle.internal.remote.internal.inet.InetAddresses] Adding remote address /fe80:0:0:0:2423:ddff:fe76:7248%awdl0
2020-11-26T22:25:25.204+0900 [DEBUG] [org.gradle.internal.remote.internal.inet.InetAddresses] Adding IP addresses for network interface en5
2020-11-26T22:25:25.204+0900 [DEBUG] [org.gradle.internal.remote.internal.inet.InetAddresses] Is this a loopback interface? false
2020-11-26T22:25:25.205+0900 [DEBUG] [org.gradle.internal.remote.internal.inet.InetAddresses] Adding remote address /fe80:0:0:0:aede:48ff:fe00:1122%en5
2020-11-26T22:25:25.205+0900 [DEBUG] [org.gradle.internal.remote.internal.inet.InetAddresses] Adding IP addresses for network interface en0
2020-11-26T22:25:25.206+0900 [DEBUG] [org.gradle.internal.remote.internal.inet.InetAddresses] Is this a loopback interface? false
2020-11-26T22:25:25.206+0900 [DEBUG] [org.gradle.internal.remote.internal.inet.InetAddresses] Adding remote address /fe80:0:0:0:cc4:14ac:9d2d:f4cc%en0
2020-11-26T22:25:25.206+0900 [DEBUG] [org.gradle.internal.remote.internal.inet.InetAddresses] Adding remote address /192.168.0.88
2020-11-26T22:25:25.206+0900 [DEBUG] [org.gradle.internal.remote.internal.inet.InetAddresses] Adding IP addresses for network interface lo0
2020-11-26T22:25:25.207+0900 [DEBUG] [org.gradle.internal.remote.internal.inet.InetAddresses] Is this a loopback interface? true
2020-11-26T22:25:25.207+0900 [DEBUG] [org.gradle.internal.remote.internal.inet.InetAddresses] Ignoring remote address on loopback interface /fe80:0:0:0:0:0:0:1%lo0
2020-11-26T22:25:25.208+0900 [DEBUG] [org.gradle.internal.remote.internal.inet.InetAddresses] Adding loopback address /0:0:0:0:0:0:0:1%lo0
2020-11-26T22:25:25.208+0900 [DEBUG] [org.gradle.internal.remote.internal.inet.InetAddresses] Adding loopback address /127.0.0.1
2020-11-26T22:25:25.212+0900 [DEBUG] [org.gradle.internal.remote.internal.inet.TcpIncomingConnector] Listening on [35d208ed-16db-4c02-99b9-7c4f1b84654f port:64429, addresses:[localhost/127.0.0.1]].
2020-11-26T22:25:25.216+0900 [DEBUG] [org.gradle.launcher.daemon.server.Daemon] Daemon starting at: Thu Nov 26 22:25:25 KST 2020, with address: [35d208ed-16db-4c02-99b9-7c4f1b84654f port:64429, addresses:[localhost/127.0.0.1]]
2020-11-26T22:25:25.216+0900 [INFO] [org.gradle.launcher.daemon.server.DaemonRegistryUpdater] Advertising the daemon address to the clients: [35d208ed-16db-4c02-99b9-7c4f1b84654f port:64429, addresses:[localhost/127.0.0.1]]
2020-11-26T22:25:25.217+0900 [DEBUG] [org.gradle.launcher.daemon.server.DaemonRegistryUpdater] Advertised daemon context: DefaultDaemonContext[uid=4963fb19-fe79-4c71-b48d-cfc5061a659a,javaHome=/private/var/folders/1y/9nn71vc11g3849dvm2dmfd680000gn/T/AppTranslocation/0222B1A1-CBDD-4A56-A78B-0D148A4173C7/d/Android Studio.app/Contents/jre/jdk/Contents/Home,daemonRegistryDir=/Users/callor/Documents/workspace/Android_2020/샘플프로젝트/MyMemory-main/daemon,pid=10652,idleTimeout=10800000,priority=NORMAL,daemonOpts=-Xmx1536m,-Dfile.encoding=UTF-8,-Duser.country=KR,-Duser.language=ko,-Duser.variant]
2020-11-26T22:25:25.218+0900 [DEBUG] [org.gradle.launcher.daemon.registry.PersistentDaemonRegistry] Storing daemon address: [35d208ed-16db-4c02-99b9-7c4f1b84654f port:64429, addresses:[localhost/127.0.0.1]], context: DefaultDaemonContext[uid=4963fb19-fe79-4c71-b48d-cfc5061a659a,javaHome=/private/var/folders/1y/9nn71vc11g3849dvm2dmfd680000gn/T/AppTranslocation/0222B1A1-CBDD-4A56-A78B-0D148A4173C7/d/Android Studio.app/Contents/jre/jdk/Contents/Home,daemonRegistryDir=/Users/callor/Documents/workspace/Android_2020/샘플프로젝트/MyMemory-main/daemon,pid=10652,idleTimeout=10800000,priority=NORMAL,daemonOpts=-Xmx1536m,-Dfile.encoding=UTF-8,-Duser.country=KR,-Duser.language=ko,-Duser.variant]
2020-11-26T22:25:25.226+0900 [DEBUG] [org.gradle.cache.internal.DefaultFileLockManager] Waiting to acquire exclusive lock on daemon addresses registry.
2020-11-26T22:25:25.229+0900 [DEBUG] [org.gradle.cache.internal.DefaultFileLockManager] Lock acquired on daemon addresses registry.
2020-11-26T22:25:25.234+0900 [DEBUG] [org.gradle.cache.internal.DefaultFileLockManager] Releasing lock on daemon addresses registry.
2020-11-26T22:25:25.235+0900 [LIFECYCLE] [org.gradle.launcher.daemon.server.Daemon] Daemon server started.
2020-11-26T22:25:25.236+0900 [DEBUG] [org.gradle.launcher.daemon.bootstrap.DaemonStartupCommunication] Completed writing the daemon greeting. Closing streams...
2020-11-26T22:25:25.241+0900 [DEBUG] [org.gradle.launcher.daemon.server.Daemon] stopOnExpiration() called on daemon
2020-11-26T22:25:25.242+0900 [DEBUG] [org.gradle.launcher.daemon.server.Daemon] awaitExpiration() called on daemon
2020-11-26T22:25:25.242+0900 [DEBUG] [org.gradle.launcher.daemon.server.DaemonStateCoordinator] daemon is running. Sleeping until state changes.
2020-11-26T22:25:25.250+0900 [DEBUG] [org.gradle.internal.remote.internal.inet.TcpIncomingConnector] Accepted connection from /127.0.0.1:64430 to /127.0.0.1:64429.
2020-11-26T22:25:25.323+0900 [DEBUG] [org.gradle.launcher.daemon.server.SynchronizedDispatchConnection] thread 25: received class org.gradle.launcher.daemon.protocol.Build
2020-11-26T22:25:25.323+0900 [DEBUG] [org.gradle.launcher.daemon.server.DefaultDaemonConnection] thread 25: Received non-IO message from client: Build{id=256b2c2d-84ee-4770-b0cc-ee4e925c5c68, currentDir=/Users/callor/Documents/workspace/Android_2020/Memo02}
2020-11-26T22:25:25.324+0900 [INFO] [org.gradle.launcher.daemon.server.DefaultIncomingConnectionHandler] Received command: Build{id=256b2c2d-84ee-4770-b0cc-ee4e925c5c68, currentDir=/Users/callor/Documents/workspace/Android_2020/Memo02}.
2020-11-26T22:25:25.324+0900 [DEBUG] [org.gradle.launcher.daemon.server.DefaultIncomingConnectionHandler] Starting executing command: Build{id=256b2c2d-84ee-4770-b0cc-ee4e925c5c68, currentDir=/Users/callor/Documents/workspace/Android_2020/Memo02} with connection: socket connection from /127.0.0.1:64429 to /127.0.0.1:64430.
2020-11-26T22:25:25.327+0900 [ERROR] [org.gradle.launcher.daemon.server.DaemonStateCoordinator] Command execution: started DaemonCommandExecution[command = Build{id=256b2c2d-84ee-4770-b0cc-ee4e925c5c68, currentDir=/Users/callor/Documents/workspace/Android_2020/Memo02}, connection = DefaultDaemonConnection: socket connection from /127.0.0.1:64429 to /127.0.0.1:64430] after 0.0 minutes of idle
2020-11-26T22:25:25.327+0900 [INFO] [org.gradle.launcher.daemon.server.DaemonRegistryUpdater] Marking the daemon as busy, address: [35d208ed-16db-4c02-99b9-7c4f1b84654f port:64429, addresses:[localhost/127.0.0.1]]
2020-11-26T22:25:25.327+0900 [DEBUG] [org.gradle.launcher.daemon.registry.PersistentDaemonRegistry] Marking busy by address: [35d208ed-16db-4c02-99b9-7c4f1b84654f port:64429, addresses:[localhost/127.0.0.1]]
2020-11-26T22:25:25.328+0900 [DEBUG] [org.gradle.cache.internal.DefaultFileLockManager] Waiting to acquire exclusive lock on daemon addresses registry.
2020-11-26T22:25:25.328+0900 [DEBUG] [org.gradle.cache.internal.DefaultFileLockManager] Lock acquired on daemon addresses registry.
2020-11-26T22:25:25.330+0900 [DEBUG] [org.gradle.cache.internal.DefaultFileLockManager] Releasing lock on daemon addresses registry.
2020-11-26T22:25:25.330+0900 [DEBUG] [org.gradle.launcher.daemon.server.DaemonStateCoordinator] resetting idle timer
2020-11-26T22:25:25.330+0900 [DEBUG] [org.gradle.launcher.daemon.server.DaemonStateCoordinator] daemon is running. Sleeping until state changes.
2020-11-26T22:25:25.330+0900 [INFO] [org.gradle.launcher.daemon.server.exec.StartBuildOrRespondWithBusy] Daemon is about to start building Build{id=256b2c2d-84ee-4770-b0cc-ee4e925c5c68, currentDir=/Users/callor/Documents/workspace/Android_2020/Memo02}. Dispatching build started information...
2020-11-26T22:25:25.331+0900 [DEBUG] [org.gradle.launcher.daemon.server.SynchronizedDispatchConnection] thread 27: dispatching org.gradle.launcher.daemon.protocol.BuildStarted@4a21a28f
2020-11-26T22:25:25.333+0900 [DEBUG] [org.gradle.launcher.daemon.server.exec.EstablishBuildEnvironment] Configuring env variables: {PATH=/usr/local/opt/node@12/bin:/Users/callor/.nvm/versions/node/v12.16.2/bin:/usr/local/bin:/usr/bin:/bin:/usr/sbin:/sbin:/usr/local/share/dotnet:/opt/X11/bin:~/.dotnet/tools:/Library/Apple/usr/bin:/Library/Frameworks/Mono.framework/Versions/Current/Commands, __CFBundleIdentifier=com.google.android.studio, NVM_CD_FLAGS=, NVM_DIR=/Users/callor/.nvm, SHELL=/bin/bash, USER=callor, COMMAND_MODE=unix2003, TMPDIR=/var/folders/1y/9nn71vc11g3849dvm2dmfd680000gn/T/, SSH_AUTH_SOCK=/private/tmp/com.apple.launchd.gPOGPFVCzV/Listeners, ORACLE_PASS=ORACLE, DISPLAY=/private/tmp/com.apple.launchd.xY8Gr4S1PL/org.macosforge.xquartz:0, XPC_FLAGS=0x0, VERSIONER_PYTHON_VERSION=2.7, __CF_USER_TEXT_ENCODING=0x1F5:0x3:0x33, NAVER=NAVER_MY_FRIEND, LOGNAME=callor, PROMPT_COMMAND=echo -ne "\033]0;${USER}@${PWD/#$HOME/~}\007", LC_CTYPE=ko_KR.UTF-8, XPC_SERVICE_NAME=application.com.google.android.studio.42083368.42093274, NVM_BIN=/Users/callor/.nvm/versions/node/v12.16.2/bin, HOME=/Users/callor}
2020-11-26T22:25:25.336+0900 [DEBUG] [org.gradle.launcher.daemon.server.SynchronizedDispatchConnection] thread 25: received class org.gradle.launcher.daemon.protocol.CloseInput
2020-11-26T22:25:25.336+0900 [DEBUG] [org.gradle.launcher.daemon.server.DefaultDaemonConnection] thread 25: Received IO message from client: org.gradle.launcher.daemon.protocol.CloseInput@2ba30c4a
2020-11-26T22:25:25.337+0900 [DEBUG] [org.gradle.launcher.daemon.server.exec.LogToClient] About to start relaying all logs to the client via the connection.
2020-11-26T22:25:25.337+0900 [INFO] [org.gradle.launcher.daemon.server.exec.LogToClient] The client will now receive all logging from the daemon (pid: 10652). The daemon log file: /Users/callor/Documents/workspace/Android_2020/샘플프로젝트/MyMemory-main/daemon/6.5/daemon-10652.out.log
2020-11-26T22:25:25.338+0900 [INFO] [org.gradle.launcher.daemon.server.exec.LogAndCheckHealth] Starting build in new daemon [memory: 1.4 GB]
2020-11-26T22:25:25.339+0900 [INFO] [org.gradle.launcher.daemon.server.exec.ForwardClientInput] Closing daemon's stdin at end of input.
2020-11-26T22:25:25.339+0900 [INFO] [org.gradle.launcher.daemon.server.exec.ForwardClientInput] The daemon will no longer process any standard input.
2020-11-26T22:25:25.344+0900 [DEBUG] [org.gradle.launcher.daemon.server.exec.ExecuteBuild] The daemon has started executing the build.
2020-11-26T22:25:25.344+0900 [DEBUG] [org.gradle.launcher.daemon.server.exec.ExecuteBuild] Executing build with daemon context: DefaultDaemonContext[uid=4963fb19-fe79-4c71-b48d-cfc5061a659a,javaHome=/private/var/folders/1y/9nn71vc11g3849dvm2dmfd680000gn/T/AppTranslocation/0222B1A1-CBDD-4A56-A78B-0D148A4173C7/d/Android Studio.app/Contents/jre/jdk/Contents/Home,daemonRegistryDir=/Users/callor/Documents/workspace/Android_2020/샘플프로젝트/MyMemory-main/daemon,pid=10652,idleTimeout=10800000,priority=NORMAL,daemonOpts=-Xmx1536m,-Dfile.encoding=UTF-8,-Duser.country=KR,-Duser.language=ko,-Duser.variant]
Daemon vm is shutting down... The daemon has exited normally or was terminated in response to a user interrupt.
